c:\users\ipofr\source\repos\mfclibrary2\mfclibrary2\x64\debug\createdll.pch
c:\users\ipofr\source\repos\mfclibrary2\mfclibrary2\x64\debug\vc143.pdb
c:\users\ipofr\source\repos\mfclibrary2\mfclibrary2\x64\debug\vc143.idb
c:\users\ipofr\source\repos\mfclibrary2\mfclibrary2\x64\debug\pch.obj
c:\users\ipofr\source\repos\mfclibrary2\mfclibrary2\x64\debug\dllmain.obj
c:\users\ipofr\source\repos\mfclibrary2\mfclibrary2\x64\debug\mymfcclass.obj
c:\users\ipofr\source\repos\mfclibrary2\mfclibrary2\x64\debug\mymath.obj
c:\users\ipofr\source\repos\mfclibrary2\mfclibrary2\x64\debug\mydll.obj
c:\users\ipofr\source\repos\mfclibrary2\mfclibrary2\x64\debug\mfclibrary2.obj
c:\users\ipofr\source\repos\mfclibrary2\mfclibrary2\x64\debug\logmanager.obj
d:\install\createdll.dll
d:\install\createdll.pdb
c:\users\ipofr\source\repos\mfclibrary2\mfclibrary2\x64\debug\mfclibrary2.res
d:\install\createdll.lib
d:\install\createdll.exp
c:\users\ipofr\source\repos\mfclibrary2\mfclibrary2\x64\debug\createdll.ilk
c:\users\ipofr\source\repos\mfclibrary2\mfclibrary2\x64\debug\createdll.tlog\cl.command.1.tlog
c:\users\ipofr\source\repos\mfclibrary2\mfclibrary2\x64\debug\createdll.tlog\cl.items.tlog
c:\users\ipofr\source\repos\mfclibrary2\mfclibrary2\x64\debug\createdll.tlog\cl.read.1.tlog
c:\users\ipofr\source\repos\mfclibrary2\mfclibrary2\x64\debug\createdll.tlog\cl.write.1.tlog
c:\users\ipofr\source\repos\mfclibrary2\mfclibrary2\x64\debug\createdll.tlog\link.command.1.tlog
c:\users\ipofr\source\repos\mfclibrary2\mfclibrary2\x64\debug\createdll.tlog\link.read.1.tlog
c:\users\ipofr\source\repos\mfclibrary2\mfclibrary2\x64\debug\createdll.tlog\link.secondary.1.tlog
c:\users\ipofr\source\repos\mfclibrary2\mfclibrary2\x64\debug\createdll.tlog\link.write.1.tlog
c:\users\ipofr\source\repos\mfclibrary2\mfclibrary2\x64\debug\createdll.tlog\rc.command.1.tlog
c:\users\ipofr\source\repos\mfclibrary2\mfclibrary2\x64\debug\createdll.tlog\rc.read.1.tlog
c:\users\ipofr\source\repos\mfclibrary2\mfclibrary2\x64\debug\createdll.tlog\rc.write.1.tlog
